Running: C:\Xilinx\14.7\ISE_DS\ISE\bin\nt64\unwrapped\fuse.exe -intstyle ise -incremental -o C:/Users/utp/Desktop/Procesador4ConConexxion/tb_windows_manager_isim_beh.exe -prj C:/Users/utp/Desktop/Procesador4ConConexxion/tb_windows_manager_beh.prj work.tb_windows_manager 
ISim P.20131013 (signature 0x7708f090)
Number of CPUs detected in this system: 4
Turning on mult-threading, number of parallel sub-compilation jobs: 8 
Determining compilation order of HDL files
Parsing VHDL file "C:/Users/utp/Desktop/Procesador4ConConexxion/WindowsManager.vhd" into library work
Parsing VHDL file "C:/Users/utp/Desktop/Procesador4ConConexxion/tb_windows_manager.vhd" into library work
Starting static elaboration
Completed static elaboration
Compiling package standard
Compiling package std_logic_1164
Compiling package std_logic_arith
Compiling package std_logic_unsigned
Compiling architecture arq_wm of entity WindowsManager [windowsmanager_default]
Compiling architecture behavior of entity tb_windows_manager
Time Resolution for simulation is 1ps.
Waiting for 1 sub-compilation(s) to finish...
Compiled 7 VHDL Units
Built simulation executable C:/Users/utp/Desktop/Procesador4ConConexxion/tb_windows_manager_isim_beh.exe
Fuse Memory Usage: 33904 KB
Fuse CPU Usage: 420 ms
